11:16:55:028  INFO 36204 --- [main] csu.nr.user.UserApplication              : Starting UserApplication using Java 17.0.13 on csu with PID 36204 (D:\Source\Java\NewsRecommend\NewsRecommend\user-service\target\classes started by yang in D:\Source\Java\NewsRecommend\NewsRecommend)
11:16:55:030 DEBUG 36204 --- [main] csu.nr.user.UserApplication              : Running with Spring Boot v2.7.12, Spring v5.3.27
11:16:55:031  INFO 36204 --- [main] csu.nr.user.UserApplication              : The following 1 profile is active: "local"
11:16:56:211  INFO 36204 --- [main] o.s.cloud.context.scope.GenericScope     : BeanFactory id=d0f48199-ee2b-3f8e-8515-9337a168d19e
11:16:56:653  INFO 36204 --- [main] o.s.b.w.embedded.tomcat.TomcatWebServer  : Tomcat initialized with port(s): 8081 (http)
11:16:56:667  INFO 36204 --- [main] o.apache.catalina.core.StandardService   : Starting service [Tomcat]
11:16:56:667  INFO 36204 --- [main] org.apache.catalina.core.StandardEngine  : Starting Servlet engine: [Apache Tomcat/9.0.75]
11:16:56:784  INFO 36204 --- [main] o.a.c.c.C.[Tomcat].[localhost].[/]       : Initializing Spring embedded WebApplicationContext
11:16:56:784  INFO 36204 --- [main] w.s.c.ServletWebServerApplicationContext : Root WebApplicationContext: initialization completed in 1701 ms
11:16:58:930  INFO 36204 --- [main] o.s.cloud.commons.util.InetUtils         : Cannot determine local hostname
11:16:58:971  INFO 36204 --- [main] pertySourcedRequestMappingHandlerMapping : Mapped URL path [/v2/api-docs] onto method [springfox.documentation.swagger2.web.Swagger2ControllerWebMvc#getDocumentation(String, HttpServletRequest)]
11:17:00:142  INFO 36204 --- [main] o.s.cloud.commons.util.InetUtils         : Cannot determine local hostname
11:17:00:316  INFO 36204 --- [main] com.alibaba.nacos.common.remote.client   : [RpcClientFactory] create a new rpc client of 18f63471-7520-478d-bd0d-520980c8d908
11:17:00:406  INFO 36204 --- [main] org.reflections.Reflections              : Reflections took 36 ms to scan 1 urls, producing 3 keys and 6 values 
11:17:00:447  INFO 36204 --- [main] org.reflections.Reflections              : Reflections took 14 ms to scan 1 urls, producing 4 keys and 9 values 
11:17:00:459  INFO 36204 --- [main] org.reflections.Reflections              : Reflections took 9 ms to scan 1 urls, producing 3 keys and 10 values 
11:17:00:461  WARN 36204 --- [main] org.reflections.Reflections              : given scan urls are empty. set urls in the configuration
11:17:00:473  INFO 36204 --- [main] org.reflections.Reflections              : Reflections took 12 ms to scan 1 urls, producing 1 keys and 5 values 
11:17:00:483  INFO 36204 --- [main] org.reflections.Reflections              : Reflections took 8 ms to scan 1 urls, producing 1 keys and 7 values 
11:17:00:497  INFO 36204 --- [main] org.reflections.Reflections              : Reflections took 11 ms to scan 1 urls, producing 2 keys and 8 values 
11:17:00:500  WARN 36204 --- [main] org.reflections.Reflections              : given scan urls are empty. set urls in the configuration
11:17:00:501  INFO 36204 --- [main] com.alibaba.nacos.common.remote.client   : [18f63471-7520-478d-bd0d-520980c8d908] RpcClient init label, labels = {module=naming, source=sdk}
11:17:00:503  INFO 36204 --- [main] com.alibaba.nacos.common.remote.client   : [18f63471-7520-478d-bd0d-520980c8d908] RpcClient init, ServerListFactory = com.alibaba.nacos.client.naming.core.ServerListManager
11:17:00:503  INFO 36204 --- [main] com.alibaba.nacos.common.remote.client   : [18f63471-7520-478d-bd0d-520980c8d908] Registry connection listener to current client:com.alibaba.nacos.client.naming.remote.gprc.redo.NamingGrpcRedoService
11:17:00:504  INFO 36204 --- [main] com.alibaba.nacos.common.remote.client   : [18f63471-7520-478d-bd0d-520980c8d908] Register server push request handler:com.alibaba.nacos.client.naming.remote.gprc.NamingPushRequestHandler
11:17:00:506  INFO 36204 --- [main] com.alibaba.nacos.common.remote.client   : [18f63471-7520-478d-bd0d-520980c8d908] Try to connect to server on start up, server: {serverIp = 'localhost', server main port = 8848}
11:17:01:811  INFO 36204 --- [main] com.alibaba.nacos.common.remote.client   : [18f63471-7520-478d-bd0d-520980c8d908] Success to connect to server [localhost:8848] on start up, connectionId = 1736738221516_172.18.0.1_32994
11:17:01:812  INFO 36204 --- [com.alibaba.nacos.client.remote.worker] com.alibaba.nacos.common.remote.client   : [18f63471-7520-478d-bd0d-520980c8d908] Notify connected event to listeners.
11:17:01:813  INFO 36204 --- [main] com.alibaba.nacos.common.remote.client   : [18f63471-7520-478d-bd0d-520980c8d908] Register server push request handler:com.alibaba.nacos.common.remote.client.RpcClient$ConnectResetRequestHandler
11:17:01:813  INFO 36204 --- [main] com.alibaba.nacos.common.remote.client   : [18f63471-7520-478d-bd0d-520980c8d908] Register server push request handler:com.alibaba.nacos.common.remote.client.RpcClient$$Lambda$897/0x000000001c6b46b8
11:17:01:924  INFO 36204 --- [main] o.s.b.w.embedded.tomcat.TomcatWebServer  : Tomcat started on port(s): 8081 (http) with context path ''
11:17:01:957  INFO 36204 --- [main] c.a.c.n.registry.NacosServiceRegistry    : nacos registry, DEFAULT_GROUP user-service 172.22.2.143:8081 register finished
11:17:02:435  INFO 36204 --- [nacos-grpc-client-executor-10] com.alibaba.nacos.common.remote.client   : [18f63471-7520-478d-bd0d-520980c8d908] Receive server push request, request = NotifySubscriberRequest, requestId = 1
11:17:02:438  INFO 36204 --- [nacos-grpc-client-executor-10] com.alibaba.nacos.common.remote.client   : [18f63471-7520-478d-bd0d-520980c8d908] Ack server push request, request = NotifySubscriberRequest, requestId = 1
11:17:03:081  INFO 36204 --- [main] o.s.cloud.commons.util.InetUtils         : Cannot determine local hostname
11:17:03:081  INFO 36204 --- [main] d.s.w.p.DocumentationPluginsBootstrapper : Documentation plugins bootstrapped
11:17:03:084  INFO 36204 --- [main] d.s.w.p.DocumentationPluginsBootstrapper : Found 1 custom documentation plugin(s)
11:17:03:106  INFO 36204 --- [main] s.d.s.w.s.ApiListingReferenceScanner     : Scanning for api listing references
11:17:03:199  INFO 36204 --- [main] csu.nr.user.UserApplication              : Started UserApplication in 10.001 seconds (JVM running for 10.805)
11:18:19:964  INFO 35120 --- [main] csu.nr.user.UserApplication              : Starting UserApplication using Java 17.0.13 on csu with PID 35120 (D:\Source\Java\NewsRecommend\NewsRecommend\user-service\target\classes started by yang in D:\Source\Java\NewsRecommend\NewsRecommend)
11:18:19:967 DEBUG 35120 --- [main] csu.nr.user.UserApplication              : Running with Spring Boot v2.7.12, Spring v5.3.27
11:18:19:968  INFO 35120 --- [main] csu.nr.user.UserApplication              : The following 1 profile is active: "local"
11:18:21:011  INFO 35120 --- [main] o.s.cloud.context.scope.GenericScope     : BeanFactory id=d0f48199-ee2b-3f8e-8515-9337a168d19e
11:18:21:393  INFO 35120 --- [main] o.s.b.w.embedded.tomcat.TomcatWebServer  : Tomcat initialized with port(s): 8082 (http)
11:18:21:408  INFO 35120 --- [main] o.apache.catalina.core.StandardService   : Starting service [Tomcat]
11:18:21:408  INFO 35120 --- [main] org.apache.catalina.core.StandardEngine  : Starting Servlet engine: [Apache Tomcat/9.0.75]
11:18:21:536  INFO 35120 --- [main] o.a.c.c.C.[Tomcat].[localhost].[/]       : Initializing Spring embedded WebApplicationContext
11:18:21:536  INFO 35120 --- [main] w.s.c.ServletWebServerApplicationContext : Root WebApplicationContext: initialization completed in 1514 ms
11:18:23:676  INFO 35120 --- [main] o.s.cloud.commons.util.InetUtils         : Cannot determine local hostname
11:18:23:707  INFO 35120 --- [main] pertySourcedRequestMappingHandlerMapping : Mapped URL path [/v2/api-docs] onto method [springfox.documentation.swagger2.web.Swagger2ControllerWebMvc#getDocumentation(String, HttpServletRequest)]
11:18:24:875  INFO 35120 --- [main] o.s.cloud.commons.util.InetUtils         : Cannot determine local hostname
11:18:25:044  INFO 35120 --- [main] com.alibaba.nacos.common.remote.client   : [RpcClientFactory] create a new rpc client of dd5d8ae4-ac41-4713-af65-c12f57fc2bdf
11:18:25:128  INFO 35120 --- [main] org.reflections.Reflections              : Reflections took 39 ms to scan 1 urls, producing 3 keys and 6 values 
11:18:25:158  INFO 35120 --- [main] org.reflections.Reflections              : Reflections took 11 ms to scan 1 urls, producing 4 keys and 9 values 
11:18:25:169  INFO 35120 --- [main] org.reflections.Reflections              : Reflections took 8 ms to scan 1 urls, producing 3 keys and 10 values 
11:18:25:171  WARN 35120 --- [main] org.reflections.Reflections              : given scan urls are empty. set urls in the configuration
11:18:25:185  INFO 35120 --- [main] org.reflections.Reflections              : Reflections took 13 ms to scan 1 urls, producing 1 keys and 5 values 
11:18:25:201  INFO 35120 --- [main] org.reflections.Reflections              : Reflections took 14 ms to scan 1 urls, producing 1 keys and 7 values 
11:18:25:213  INFO 35120 --- [main] org.reflections.Reflections              : Reflections took 9 ms to scan 1 urls, producing 2 keys and 8 values 
11:18:25:216  WARN 35120 --- [main] org.reflections.Reflections              : given scan urls are empty. set urls in the configuration
11:18:25:217  INFO 35120 --- [main] com.alibaba.nacos.common.remote.client   : [dd5d8ae4-ac41-4713-af65-c12f57fc2bdf] RpcClient init label, labels = {module=naming, source=sdk}
11:18:25:220  INFO 35120 --- [main] com.alibaba.nacos.common.remote.client   : [dd5d8ae4-ac41-4713-af65-c12f57fc2bdf] RpcClient init, ServerListFactory = com.alibaba.nacos.client.naming.core.ServerListManager
11:18:25:221  INFO 35120 --- [main] com.alibaba.nacos.common.remote.client   : [dd5d8ae4-ac41-4713-af65-c12f57fc2bdf] Registry connection listener to current client:com.alibaba.nacos.client.naming.remote.gprc.redo.NamingGrpcRedoService
11:18:25:222  INFO 35120 --- [main] com.alibaba.nacos.common.remote.client   : [dd5d8ae4-ac41-4713-af65-c12f57fc2bdf] Register server push request handler:com.alibaba.nacos.client.naming.remote.gprc.NamingPushRequestHandler
11:18:25:224  INFO 35120 --- [main] com.alibaba.nacos.common.remote.client   : [dd5d8ae4-ac41-4713-af65-c12f57fc2bdf] Try to connect to server on start up, server: {serverIp = 'localhost', server main port = 8848}
11:18:26:335  INFO 35120 --- [main] com.alibaba.nacos.common.remote.client   : [dd5d8ae4-ac41-4713-af65-c12f57fc2bdf] Success to connect to server [localhost:8848] on start up, connectionId = 1736738306118_172.18.0.1_54438
11:18:26:336  INFO 35120 --- [com.alibaba.nacos.client.remote.worker] com.alibaba.nacos.common.remote.client   : [dd5d8ae4-ac41-4713-af65-c12f57fc2bdf] Notify connected event to listeners.
11:18:26:336  INFO 35120 --- [main] com.alibaba.nacos.common.remote.client   : [dd5d8ae4-ac41-4713-af65-c12f57fc2bdf] Register server push request handler:com.alibaba.nacos.common.remote.client.RpcClient$ConnectResetRequestHandler
11:18:26:337  INFO 35120 --- [main] com.alibaba.nacos.common.remote.client   : [dd5d8ae4-ac41-4713-af65-c12f57fc2bdf] Register server push request handler:com.alibaba.nacos.common.remote.client.RpcClient$$Lambda$897/0x000000001c6b3fe8
11:18:26:396  INFO 35120 --- [main] o.s.b.w.embedded.tomcat.TomcatWebServer  : Tomcat started on port(s): 8082 (http) with context path ''
11:18:26:409  INFO 35120 --- [main] c.a.c.n.registry.NacosServiceRegistry    : nacos registry, DEFAULT_GROUP user-service 172.22.2.143:8082 register finished
11:18:26:936  INFO 36204 --- [nacos-grpc-client-executor-34] com.alibaba.nacos.common.remote.client   : [18f63471-7520-478d-bd0d-520980c8d908] Receive server push request, request = NotifySubscriberRequest, requestId = 2
11:18:26:945  INFO 36204 --- [nacos-grpc-client-executor-34] com.alibaba.nacos.common.remote.client   : [18f63471-7520-478d-bd0d-520980c8d908] Ack server push request, request = NotifySubscriberRequest, requestId = 2
11:18:26:951  INFO 35120 --- [nacos-grpc-client-executor-8] com.alibaba.nacos.common.remote.client   : [dd5d8ae4-ac41-4713-af65-c12f57fc2bdf] Receive server push request, request = NotifySubscriberRequest, requestId = 3
11:18:26:955  INFO 35120 --- [nacos-grpc-client-executor-8] com.alibaba.nacos.common.remote.client   : [dd5d8ae4-ac41-4713-af65-c12f57fc2bdf] Ack server push request, request = NotifySubscriberRequest, requestId = 3
11:18:27:513  INFO 35120 --- [main] o.s.cloud.commons.util.InetUtils         : Cannot determine local hostname
11:18:27:513  INFO 35120 --- [main] d.s.w.p.DocumentationPluginsBootstrapper : Documentation plugins bootstrapped
11:18:27:516  INFO 35120 --- [main] d.s.w.p.DocumentationPluginsBootstrapper : Found 1 custom documentation plugin(s)
11:18:27:538  INFO 35120 --- [main] s.d.s.w.s.ApiListingReferenceScanner     : Scanning for api listing references
11:18:27:625  INFO 35120 --- [main] csu.nr.user.UserApplication              : Started UserApplication in 9.463 seconds (JVM running for 10.204)
11:18:43:316  WARN 35120 --- [Thread-7] c.a.n.common.http.HttpClientBeanHolder   : [HttpClientBeanHolder] Start destroying common HttpClient
11:18:43:316  WARN 35120 --- [Thread-4] c.a.nacos.common.notify.NotifyCenter     : [NotifyCenter] Start destroying Publisher
11:18:43:316  WARN 35120 --- [Thread-4] c.a.nacos.common.notify.NotifyCenter     : [NotifyCenter] Destruction of the end
11:18:43:317  WARN 35120 --- [Thread-7] c.a.n.common.http.HttpClientBeanHolder   : [HttpClientBeanHolder] Destruction of the end
11:18:43:350  INFO 35120 --- [SpringApplicationShutdownHook] c.a.c.n.registry.NacosServiceRegistry    : De-registering from Nacos Server now...
11:18:43:362  INFO 35120 --- [SpringApplicationShutdownHook] c.a.c.n.registry.NacosServiceRegistry    : De-registration finished.
11:18:43:689  INFO 35120 --- [SpringApplicationShutdownHook] com.alibaba.nacos.common.remote.client   : Shutdown rpc client, set status to shutdown
11:18:43:689  INFO 35120 --- [SpringApplicationShutdownHook] com.alibaba.nacos.common.remote.client   : Shutdown client event executor java.util.concurrent.ScheduledThreadPoolExecutor@67ac5e47[Running, pool size = 2, active threads = 2, queued tasks = 0, completed tasks = 0]
11:18:43:689  INFO 35120 --- [SpringApplicationShutdownHook] com.alibaba.nacos.common.remote.client   : Close current connection 1736738306118_172.18.0.1_54438
11:18:43:694  INFO 35120 --- [nacos-grpc-client-executor-16] c.a.n.c.remote.client.grpc.GrpcClient    : [1736738306118_172.18.0.1_54438]Ignore complete event,isRunning:false,isAbandon=false
11:18:43:699  INFO 35120 --- [SpringApplicationShutdownHook] c.a.n.c.remote.client.grpc.GrpcClient    : Shutdown grpc executor java.util.concurrent.ThreadPoolExecutor@67358b69[Running, pool size = 7, active threads = 0, queued tasks = 0, completed tasks = 17]
11:18:43:859  INFO 36204 --- [nacos-grpc-client-executor-37] com.alibaba.nacos.common.remote.client   : [18f63471-7520-478d-bd0d-520980c8d908] Receive server push request, request = NotifySubscriberRequest, requestId = 4
11:18:43:860  INFO 36204 --- [nacos-grpc-client-executor-37] com.alibaba.nacos.common.remote.client   : [18f63471-7520-478d-bd0d-520980c8d908] Ack server push request, request = NotifySubscriberRequest, requestId = 4
11:18:45:302  WARN 36204 --- [Thread-4] c.a.nacos.common.notify.NotifyCenter     : [NotifyCenter] Start destroying Publisher
11:18:45:302  WARN 36204 --- [Thread-7] c.a.n.common.http.HttpClientBeanHolder   : [HttpClientBeanHolder] Start destroying common HttpClient
11:18:45:302  WARN 36204 --- [Thread-4] c.a.nacos.common.notify.NotifyCenter     : [NotifyCenter] Destruction of the end
11:18:45:303  WARN 36204 --- [Thread-7] c.a.n.common.http.HttpClientBeanHolder   : [HttpClientBeanHolder] Destruction of the end
11:18:45:339  INFO 36204 --- [SpringApplicationShutdownHook] c.a.c.n.registry.NacosServiceRegistry    : De-registering from Nacos Server now...
11:18:45:346  INFO 36204 --- [SpringApplicationShutdownHook] c.a.c.n.registry.NacosServiceRegistry    : De-registration finished.
11:18:45:674  INFO 36204 --- [SpringApplicationShutdownHook] com.alibaba.nacos.common.remote.client   : Shutdown rpc client, set status to shutdown
11:18:45:674  INFO 36204 --- [SpringApplicationShutdownHook] com.alibaba.nacos.common.remote.client   : Shutdown client event executor java.util.concurrent.ScheduledThreadPoolExecutor@15869def[Running, pool size = 2, active threads = 2, queued tasks = 0, completed tasks = 0]
11:18:45:674  INFO 36204 --- [SpringApplicationShutdownHook] com.alibaba.nacos.common.remote.client   : Close current connection 1736738221516_172.18.0.1_32994
11:18:45:679  INFO 36204 --- [nacos-grpc-client-executor-40] c.a.n.c.remote.client.grpc.GrpcClient    : [1736738221516_172.18.0.1_32994]Ignore complete event,isRunning:false,isAbandon=false
11:18:45:682  INFO 36204 --- [SpringApplicationShutdownHook] c.a.n.c.remote.client.grpc.GrpcClient    : Shutdown grpc executor java.util.concurrent.ThreadPoolExecutor@4ae008e4[Running, pool size = 6, active threads = 0, queued tasks = 0, completed tasks = 41]
