14:43:12:343  INFO 2652298 --- [main] csu.nr.user.service.IUserServiceimplTest  : Starting IUserServiceimpTest using Java 17.0.13 on R7525 with PID 2652298 (started by hy in /home/hy/work/NewsRecommend/backend/user-service)
14:43:12:344 DEBUG 2652298 --- [main] csu.nr.user.service.IUserServiceimplTest  : Running with Spring Boot v2.7.12, Spring v5.3.27
14:43:12:344  INFO 2652298 --- [main] csu.nr.user.service.IUserServiceimplTest  : The following 1 profile is active: "dev"
14:43:13:089  INFO 2652298 --- [main] o.s.cloud.context.scope.GenericScope     : BeanFactory id=4b03441c-8b02-38e9-9b3f-551a4270aac0
14:43:14:343  INFO 2652298 --- [main] pertySourcedRequestMappingHandlerMapping : Mapped URL path [/v2/api-docs] onto method [springfox.documentation.swagger2.web.Swagger2ControllerWebMvc#getDocumentation(String, HttpServletRequest)]
14:43:14:533  INFO 2652298 --- [main] com.alibaba.nacos.common.remote.client   : [RpcClientFactory] create a new rpc client of 512aea12-885b-43d0-a61f-912baf68b0a0
14:43:14:581  INFO 2652298 --- [main] org.reflections.Reflections              : Reflections took 26 ms to scan 1 urls, producing 3 keys and 6 values 
14:43:14:605  INFO 2652298 --- [main] org.reflections.Reflections              : Reflections took 13 ms to scan 1 urls, producing 4 keys and 9 values 
14:43:14:618  INFO 2652298 --- [main] org.reflections.Reflections              : Reflections took 11 ms to scan 1 urls, producing 3 keys and 10 values 
14:43:14:619  WARN 2652298 --- [main] org.reflections.Reflections              : given scan urls are empty. set urls in the configuration
14:43:14:631  INFO 2652298 --- [main] org.reflections.Reflections              : Reflections took 11 ms to scan 1 urls, producing 1 keys and 5 values 
14:43:14:644  INFO 2652298 --- [main] org.reflections.Reflections              : Reflections took 12 ms to scan 1 urls, producing 1 keys and 7 values 
14:43:14:659  INFO 2652298 --- [main] org.reflections.Reflections              : Reflections took 13 ms to scan 1 urls, producing 2 keys and 8 values 
14:43:14:660  WARN 2652298 --- [main] org.reflections.Reflections              : given scan urls are empty. set urls in the configuration
14:43:14:661  INFO 2652298 --- [main] com.alibaba.nacos.common.remote.client   : [512aea12-885b-43d0-a61f-912baf68b0a0] RpcClient init label, labels = {module=naming, source=sdk}
14:43:14:663  INFO 2652298 --- [main] com.alibaba.nacos.common.remote.client   : [512aea12-885b-43d0-a61f-912baf68b0a0] RpcClient init, ServerListFactory = com.alibaba.nacos.client.naming.core.ServerListManager
14:43:14:663  INFO 2652298 --- [main] com.alibaba.nacos.common.remote.client   : [512aea12-885b-43d0-a61f-912baf68b0a0] Registry connection listener to current client:com.alibaba.nacos.client.naming.remote.gprc.redo.NamingGrpcRedoService
14:43:14:663  INFO 2652298 --- [main] com.alibaba.nacos.common.remote.client   : [512aea12-885b-43d0-a61f-912baf68b0a0] Register server push request handler:com.alibaba.nacos.client.naming.remote.gprc.NamingPushRequestHandler
14:43:14:665  INFO 2652298 --- [main] com.alibaba.nacos.common.remote.client   : [512aea12-885b-43d0-a61f-912baf68b0a0] Try to connect to server on start up, server: {serverIp = 'localhost', server main port = 8848}
14:43:15:211  INFO 2652298 --- [main] com.alibaba.nacos.common.remote.client   : [512aea12-885b-43d0-a61f-912baf68b0a0] Success to connect to server [localhost:8848] on start up, connectionId = 1736750595041_172.31.0.1_45110
14:43:15:212  INFO 2652298 --- [main] com.alibaba.nacos.common.remote.client   : [512aea12-885b-43d0-a61f-912baf68b0a0] Register server push request handler:com.alibaba.nacos.common.remote.client.RpcClient$ConnectResetRequestHandler
14:43:15:212  INFO 2652298 --- [com.alibaba.nacos.client.remote.worker] com.alibaba.nacos.common.remote.client   : [512aea12-885b-43d0-a61f-912baf68b0a0] Notify connected event to listeners.
14:43:15:213  INFO 2652298 --- [main] com.alibaba.nacos.common.remote.client   : [512aea12-885b-43d0-a61f-912baf68b0a0] Register server push request handler:com.alibaba.nacos.common.remote.client.RpcClient$$Lambda$1038/0x00007f8ee865f880
14:43:15:248  INFO 2652298 --- [main] d.s.w.p.DocumentationPluginsBootstrapper : Documentation plugins bootstrapped
14:43:15:251  INFO 2652298 --- [main] d.s.w.p.DocumentationPluginsBootstrapper : Found 1 custom documentation plugin(s)
14:43:15:266  INFO 2652298 --- [main] s.d.s.w.s.ApiListingReferenceScanner     : Scanning for api listing references
14:43:15:329  INFO 2652298 --- [main] csu.nr.user.service.IUserServiceimplTest  : Started IUserServiceimpTest in 3.322 seconds (JVM running for 3.909)
14:43:15:667  INFO 2652298 --- [main] com.zaxxer.hikari.HikariDataSource       : HikariPool-1 - Starting...
14:43:15:783  INFO 2652298 --- [nacos-grpc-client-executor-7] com.alibaba.nacos.common.remote.client   : [512aea12-885b-43d0-a61f-912baf68b0a0] Receive server push request, request = NotifySubscriberRequest, requestId = 7
14:43:15:784  INFO 2652298 --- [nacos-grpc-client-executor-7] com.alibaba.nacos.common.remote.client   : [512aea12-885b-43d0-a61f-912baf68b0a0] Ack server push request, request = NotifySubscriberRequest, requestId = 7
14:43:25:929  INFO 2652298 --- [main] com.zaxxer.hikari.HikariDataSource       : HikariPool-1 - Start completed.
14:43:25:936 DEBUG 2652298 --- [main] csu.nr.user.mapper.UserMapper.insert     : ==>  Preparing: INSERT INTO user ( username, password, phone, create_time, update_time, status ) VALUES ( ?, ?, ?, ?, ?, ? )
14:43:25:966 DEBUG 2652298 --- [main] csu.nr.user.mapper.UserMapper.insert     : ==> Parameters: admin(String), 123456(String), 12345678901(String), 2025-01-13T14:43:15.623116275(LocalDateTime), 2025-01-13T14:43:15.623788967(LocalDateTime), 1(Integer)
14:43:25:970 DEBUG 2652298 --- [main] csu.nr.user.mapper.UserMapper.insert     : <==    Updates: 1
14:43:25:994  WARN 2652298 --- [Thread-7] c.a.n.common.http.HttpClientBeanHolder   : [HttpClientBeanHolder] Start destroying common HttpClient
14:43:25:994  WARN 2652298 --- [Thread-4] c.a.nacos.common.notify.NotifyCenter     : [NotifyCenter] Start destroying Publisher
14:43:25:995  WARN 2652298 --- [Thread-4] c.a.nacos.common.notify.NotifyCenter     : [NotifyCenter] Destruction of the end
14:43:25:995  WARN 2652298 --- [Thread-7] c.a.n.common.http.HttpClientBeanHolder   : [HttpClientBeanHolder] Destruction of the end
14:43:26:312  INFO 2652298 --- [SpringApplicationShutdownHook] com.alibaba.nacos.common.remote.client   : Shutdown rpc client, set status to shutdown
14:43:26:313  INFO 2652298 --- [SpringApplicationShutdownHook] com.alibaba.nacos.common.remote.client   : Shutdown client event executor java.util.concurrent.ScheduledThreadPoolExecutor@340dfbdd[Running, pool size = 2, active threads = 2, queued tasks = 0, completed tasks = 0]
14:43:26:313  INFO 2652298 --- [SpringApplicationShutdownHook] com.alibaba.nacos.common.remote.client   : Close current connection 1736750595041_172.31.0.1_45110
14:43:26:315  INFO 2652298 --- [nacos-grpc-client-executor-15] c.a.n.c.remote.client.grpc.GrpcClient    : [1736750595041_172.31.0.1_45110]Ignore complete event,isRunning:false,isAbandon=false
14:43:26:316  INFO 2652298 --- [SpringApplicationShutdownHook] c.a.n.c.remote.client.grpc.GrpcClient    : Shutdown grpc executor java.util.concurrent.ThreadPoolExecutor@3a371fb9[Running, pool size = 6, active threads = 0, queued tasks = 0, completed tasks = 16]
14:43:26:319  INFO 2652298 --- [SpringApplicationShutdownHook] com.zaxxer.hikari.HikariDataSource       : HikariPool-1 - Shutdown initiated...
14:43:36:069  INFO 2652298 --- [SpringApplicationShutdownHook] com.zaxxer.hikari.HikariDataSource       : HikariPool-1 - Shutdown completed.
